[2025-03-01 22:22:13,744] multiqc                                            [DEBUG  ]  This is MultiQC v1.15
[2025-03-01 22:22:13,746] multiqc                                            [DEBUG  ]  Command used: /programs/multiqc-1.15/bin/multiqc fastqc_report/ -o multiqc_results/
[2025-03-01 22:22:14,293] multiqc                                            [WARNING]  MultiQC Version v1.27.1 now available!
[2025-03-01 22:22:14,293] multiqc                                            [DEBUG  ]  Working dir : /local/workdir/rc969/fiber_microbiome_project/analysis/00_fastqc
[2025-03-01 22:22:14,293] multiqc                                            [DEBUG  ]  Template    : default
[2025-03-01 22:22:14,293] multiqc                                            [DEBUG  ]  Running Python 3.9.18 (main, Aug 23 2024, 00:00:00)  [GCC 11.4.1 20231218 (Red Hat 11.4.1-3)]
[2025-03-01 22:22:14,294] multiqc                                            [DEBUG  ]  Analysing modules: custom_content, ccs, ngsderive, purple, conpair, lima, peddy, somalier, methylQA, mosdepth, phantompeakqualtools, qualimap, preseq, hifiasm, quast, qorts, rna_seqc, rockhopper, rsem, rseqc, busco, bustools, goleft_indexcov, gffcompare, disambiguate, supernova, deeptools, sargasso, verifybamid, mirtrace, happy, mirtop, sambamba, gopeaks, homer, hops, macs2, theta2, snpeff, gatk, htseq, bcftools, featureCounts, fgbio, dragen, dragen_fastqc, dedup, pbmarkdup, damageprofiler, biobambam2, jcvi, mtnucratio, picard, vep, sentieon, prokka, qc3C, nanostat, samblaster, samtools, sexdeterrmine, eigenstratdatabasetools, bamtools, jellyfish, vcftools, longranger, stacks, varscan2, snippy, umitools, bbmap, bismark, biscuit, diamond, hicexplorer, hicup, hicpro, salmon, kallisto, slamdunk, star, hisat2, tophat, bowtie2, bowtie1, cellranger, snpsplit, odgi, pangolin, nextclade, humid, kat, leehom, librarian, adapterRemoval, bbduk, clipandmerge, cutadapt, flexbar, kaiju, kraken, malt, motus, trimmomatic, sickle, skewer, sortmerna, biobloomtools, fastq_screen, afterqc, fastp, fastqc, filtlong, prinseqplusplus, pychopper, porechop, pycoqc, minionqc, anglerfish, multivcfanalyzer, clusterflow, checkqc, bcl2fastq, bclconvert, interop, ivar, flash, seqyclean, optitype, whatshap
[2025-03-01 22:22:14,295] multiqc                                            [DEBUG  ]  Using temporary directory for creating report: /tmp/tmpwitn8229
[2025-03-01 22:22:14,518] multiqc                                            [INFO   ]  Search path : /local/workdir/rc969/fiber_microbiome_project/analysis/00_fastqc/fastqc_report
[2025-03-01 22:22:40,941] multiqc                                            [DEBUG  ]  Summary of files that were skipped by the search: [skipped_module_specific_max_filesize: 26510] // [skipped_no_match: 2410]
[2025-03-01 22:22:41,338] multiqc.plots.bargraph                             [DEBUG  ]  Using matplotlib version 3.9.2
[2025-03-01 22:22:41,343] multiqc.plots.linegraph                            [DEBUG  ]  Using matplotlib version 3.9.2
[2025-03-01 22:22:41,345] multiqc                                            [DEBUG  ]  No samples found: custom_content
[2025-03-01 22:22:45,145] multiqc.modules.fastqc.fastqc                      [INFO   ]  Found 2410 reports
[2025-03-01 22:23:44,578] multiqc.plots.table                                [DEBUG  ]  Plotting beeswarm instead of table, 2410 samples
[2025-03-01 22:23:44,600] multiqc                                            [DEBUG  ]  Compressing plot data
[2025-03-01 22:23:45,437] multiqc                                            [INFO   ]  Report      : multiqc_results/multiqc_report.html
[2025-03-01 22:23:45,437] multiqc                                            [INFO   ]  Data        : multiqc_results/multiqc_data
[2025-03-01 22:23:45,437] multiqc                                            [DEBUG  ]  Moving data file from '/tmp/tmpwitn8229/multiqc_data' to 'multiqc_results/multiqc_data'
[2025-03-01 22:23:45,654] multiqc                                            [INFO   ]  MultiQC complete
